Testsuite: hw8.test.ImplementationTests
Tests run: 47, Failures: 0, Errors: 0, Skipped: 0, Time elapsed: 0.174 sec
------------- Standard Error -----------------
java.io.FileNotFoundException: ./src/hw8/data/emptyPathsFile.dat (No such file or directory)
java.io.FileNotFoundException: ./src/hw8/data/emptyPathsFile.dat (No such file or directory)
	at java.io.FileInputStream.open0(Native Method)
	at java.io.FileInputStream.open(FileInputStream.java:195)
	at java.io.FileInputStream.<init>(FileInputStream.java:138)
	at java.io.FileInputStream.<init>(FileInputStream.java:93)
	at java.io.FileReader.<init>(FileReader.java:58)
	at hw8.CampusParser.parsePaths(CampusParser.java:78)
	at hw8.test.CampusParserTest.testParsePathsEmpty(CampusParserTest.java:65)
	at sun.reflect.NativeMethodAccessorImpl.invoke0(Native Method)
	at sun.reflect.NativeMethodAccessorImpl.invoke(NativeMethodAccessorImpl.java:62)
	at sun.reflect.DelegatingMethodAccessorImpl.invoke(DelegatingMethodAccessorImpl.java:43)
	at java.lang.reflect.Method.invoke(Method.java:498)
	at org.junit.runners.model.FrameworkMethod$1.runReflectiveCall(FrameworkMethod.java:47)
	at org.junit.internal.runners.model.ReflectiveCallable.run(ReflectiveCallable.java:12)
	at org.junit.runners.model.FrameworkMethod.invokeExplosively(FrameworkMethod.java:44)
	at org.junit.internal.runners.statements.InvokeMethod.evaluate(InvokeMethod.java:17)
	at org.junit.internal.runners.statements.RunBefores.evaluate(RunBefores.java:26)
	at org.junit.runners.ParentRunner.runLeaf(ParentRunner.java:271)
	at org.junit.runners.BlockJUnit4ClassRunner.runChild(BlockJUnit4ClassRunner.java:70)
	at org.junit.runners.BlockJUnit4ClassRunner.runChild(BlockJUnit4ClassRunner.java:50)
	at org.junit.runners.ParentRunner$3.run(ParentRunner.java:238)
	at org.junit.runners.ParentRunner$1.schedule(ParentRunner.java:63)
	at org.junit.runners.ParentRunner.runChildren(ParentRunner.java:236)
	at org.junit.runners.ParentRunner.access$000(ParentRunner.java:53)
	at org.junit.runners.ParentRunner$2.evaluate(ParentRunner.java:229)
	at org.junit.runners.ParentRunner.run(ParentRunner.java:309)
	at org.junit.runners.Suite.runChild(Suite.java:127)
	at org.junit.runners.Suite.runChild(Suite.java:26)
	at org.junit.runners.ParentRunner$3.run(ParentRunner.java:238)
	at org.junit.runners.ParentRunner$1.schedule(ParentRunner.java:63)
	at org.junit.runners.ParentRunner.runChildren(ParentRunner.java:236)
	at org.junit.runners.ParentRunner.access$000(ParentRunner.java:53)
	at org.junit.runners.ParentRunner$2.evaluate(ParentRunner.java:229)
	at org.junit.runners.ParentRunner.run(ParentRunner.java:309)
	at junit.framework.JUnit4TestAdapter.run(JUnit4TestAdapter.java:38)
	at org.apache.tools.ant.taskdefs.optional.junit.JUnitTestRunner.run(JUnitTestRunner.java:535)
	at org.apache.tools.ant.taskdefs.optional.junit.JUnitTestRunner.launch(JUnitTestRunner.java:1182)
	at org.apache.tools.ant.taskdefs.optional.junit.JUnitTestRunner.main(JUnitTestRunner.java:1033)
------------- ---------------- ---------------

Testcase: testParseBuildingsNullFile took 0.004 sec
Testcase: testParseBuildingsThreeBuildings took 0.004 sec
Testcase: testParsePathsNullBuildings took 0.001 sec
Testcase: testParseBuildingsInvalid took 0.001 sec
Testcase: testParseBuildingsEmpty took 0 sec
Testcase: testParsePathsSixPaths took 0.004 sec
Testcase: testParsePathsInvalid took 0.001 sec
Testcase: testParsePathsEmpty took 0.002 sec
Testcase: testParsePathsNullGraph took 0 sec
Testcase: testParseBuildingsNullBuildings took 0 sec
Testcase: testParsePathsNullFile took 0 sec
Testcase: testBuildGraphNullPathsFile took 0.001 sec
Testcase: testFindPathFirstPointNotInGraph took 0.006 sec
Testcase: testBuildGraphInvalidPathFile took 0.001 sec
Testcase: testGetDirectionNullStart took 0.001 sec
Testcase: testCompareNullBuilding took 0 sec
Testcase: testCompareTwoBuildingsLess took 0 sec
Testcase: testCompareTwoBuildingsSame took 0 sec
Testcase: testBuildGraphInvalidBuildingFile took 0.001 sec
Testcase: testBuildGraphBaseballFiles took 0.003 sec
Testcase: testGetDirection took 0 sec
Testcase: testBuildGraphNullBuildingsFile took 0 sec
Testcase: testCompareNonBuildings took 0 sec
Testcase: testFindPathSecondPointNotInGraph took 0.003 sec
Testcase: testFindPathBaseballFile took 0.045 sec
Testcase: testFindPathNullStartPoint took 0.003 sec
Testcase: testGetDirectionNullEnd took 0 sec
Testcase: testCompareTwoBuildingsGreater took 0 sec
Testcase: testFindPathNullEndPoint took 0.003 sec
Testcase: testEqualsSymmetricBuilding took 0 sec
Testcase: testEqualsTwoUnequalNonBuildings took 0.001 sec
Testcase: testEqualsOneBuildingOneNonBuildingUnequal took 0 sec
Testcase: testGetX took 0 sec
Testcase: testGetY took 0 sec
Testcase: testGetNullAbbr took 0 sec
Testcase: testGetNullName took 0 sec
Testcase: testGetAbbr took 0 sec
Testcase: testGetName took 0 sec
Testcase: testEqualsReflexiveTwoEqualNonBuildings took 0 sec
Testcase: testToStringBuilding took 0 sec
Testcase: testIsBuildingOnBuilding took 0 sec
Testcase: testEqualsOneBuildingOneNonBuildingEqual took 0 sec
Testcase: testEqualsTwoUnequalBuildings took 0 sec
Testcase: testToStringNonBuilding took 0 sec
Testcase: testEqualsReflexiveTwoEqualBuildings took 0 sec
Testcase: testIsBuildingOnNonBuilding took 0 sec
Testcase: testEqualsSymmetricNonBuilding took 0 sec
